<?xml version="1.0" encoding="UTF-8"?>
<!-- Generated by org.testng.reporters.JUnitXMLReporter -->
<testsuite ignored="0" hostname="Chandramouli" failures="0" tests="6" name="Default test" time="34.217" errors="0" timestamp="2023-12-27T19:16:24 IST">
  <testcase classname="com.amazon.testcases.HeaderOptionsTestCase" name="selectComputers" time="2.515"/>
  <testcase classname="com.amazon.testcases.HeaderOptionsTestCase" name="selectElectronis" time="10.552"/>
  <testcase classname="com.amazon.testcases.HeaderOptionsTestCase" name="selectFashion" time="9.018"/>
  <testcase classname="com.amazon.testcases.HeaderOptionsTestCase" name="selectHomeandKitchen" time="2.471"/>
  <testcase classname="com.amazon.testcases.HeaderOptionsTestCase" name="selectMobiles" time="4.003"/>
  <testcase classname="com.amazon.testcases.HeaderOptionsTestCase" name="selectNewrelease" time="2.305"/>
</testsuite> <!-- Default test -->
