<?xml version="1.0" encoding="UTF-8"?>
<testng-results ignored="0" total="1" passed="1" failed="0" skipped="0">
  <reporter-output>
  </reporter-output>
  <suite started-at="2023-12-27T14:33:29 IST" name="Default suite" finished-at="2023-12-27T14:33:32 IST" duration-ms="2862">
    <groups>
    </groups>
    <test started-at="2023-12-27T14:33:29 IST" name="Default test" finished-at="2023-12-27T14:33:32 IST" duration-ms="2862">
      <class name="com.amazon.testcases.HomapageTestcase">
        <test-method is-config="true" signature="setUp()[pri:0, instance:com.amazon.testcases.HomapageTestcase@56620197]" started-at="2023-12-27T14:33:29 IST" name="setUp" finished-at="2023-12-27T14:33:31 IST" duration-ms="2306" status="PASS">
          <reporter-output>
          </reporter-output>
        </test-method> <!-- setUp -->
        <test-method signature="LandedOnAmazonHomepage()[pri:0, instance:com.amazon.testcases.HomapageTestcase@56620197]" started-at="2023-12-27T14:33:31 IST" name="LandedOnAmazonHomepage" finished-at="2023-12-27T14:33:32 IST" duration-ms="435" status="PASS">
          <reporter-output>
          </reporter-output>
        </test-method> <!-- LandedOnAmazonHomepage -->
        <test-method is-config="true" signature="tearDown()[pri:0, instance:com.amazon.testcases.HomapageTestcase@56620197]" started-at="2023-12-27T14:33:32 IST" name="tearDown" finished-at="2023-12-27T14:33:32 IST" duration-ms="97" status="PASS">
          <reporter-output>
          </reporter-output>
        </test-method> <!-- tearDown -->
      </class> <!-- com.amazon.testcases.HomapageTestcase -->
    </test> <!-- Default test -->
  </suite> <!-- Default suite -->
</testng-results>
